<?xml version="1.0" encoding="UTF-8"?>
<testng-results ignored="0" total="1" passed="1" failed="0" skipped="0">
  <reporter-output>
  </reporter-output>
  <suite started-at="2025-03-14T21:08:30 IST" name="Default suite" finished-at="2025-03-14T21:08:35 IST" duration-ms="4636">
    <groups>
    </groups>
    <test started-at="2025-03-14T21:08:30 IST" name="Default test" finished-at="2025-03-14T21:08:35 IST" duration-ms="4636">
      <class name="Testingecommerce.postrequestadd">
        <test-method signature="testAddToCartUsingMap()[pri:0, instance:Testingecommerce.postrequestadd@dd8ba08]" started-at="2025-03-14T21:08:30 IST" name="testAddToCartUsingMap" finished-at="2025-03-14T21:08:35 IST" duration-ms="4548" status="PASS">
          <reporter-output>
          </reporter-output>
        </test-method> <!-- testAddToCartUsingMap -->
      </class> <!-- Testingecommerce.postrequestadd -->
    </test> <!-- Default test -->
  </suite> <!-- Default suite -->
</testng-results>
