<?xml version="1.0" encoding="UTF-8"?>
<testng-results ignored="0" total="1" passed="1" failed="0" skipped="0">
  <reporter-output>
  </reporter-output>
  <suite started-at="2025-05-19T16:35:27 IST" name="Default suite" finished-at="2025-05-19T16:35:46 IST" duration-ms="18577">
    <groups>
    </groups>
    <test started-at="2025-05-19T16:35:27 IST" name="Default test" finished-at="2025-05-19T16:35:46 IST" duration-ms="18577">
      <class name="Tests.Addingitem">
        <test-method is-config="true" signature="setUp()[pri:0, instance:Tests.Addingitem@6913c1fb]" started-at="2025-05-19T16:35:27 IST" name="setUp" finished-at="2025-05-19T16:35:32 IST" duration-ms="5230" status="PASS">
          <reporter-output>
          </reporter-output>
        </test-method> <!-- setUp -->
        <test-method signature="verifysignup()[pri:0, instance:Tests.Addingitem@6913c1fb]" started-at="2025-05-19T16:35:32 IST" name="verifysignup" finished-at="2025-05-19T16:35:46 IST" duration-ms="13295" status="PASS">
          <reporter-output>
          </reporter-output>
        </test-method> <!-- verifysignup -->
      </class> <!-- Tests.Addingitem -->
    </test> <!-- Default test -->
  </suite> <!-- Default suite -->
</testng-results>
